<?xml version="1.0" encoding="UTF-8"?><testsuites failures="0" name="dependency-check" tests="7"><testsuite failures="0" id="0" name="/home/runner/.m2/repository/clj-tuple/clj-tuple/0.2.2/clj-tuple-0.2.2.jar" package="clj-tuple-0.2.2.jar" skipped="0" tests="1" timestamp="2022-03-03T06:44:32.805506"><testcase classname="dependency-check" name="clj-tuple-0.2.2.jar"/></testsuite><testsuite failures="0" id="1" name="/home/runner/.m2/repository/org/clojure/clojure/1.10.3/clojure-1.10.3.jar" package="clojure-1.10.3.jar" skipped="0" tests="1" timestamp="2022-03-03T06:44:32.805506"><testcase classname="dependency-check" name="clojure-1.10.3.jar"/></testsuite><testsuite failures="0" id="2" name="/home/runner/.m2/repository/org/nrepl/incomplete/0.1.0/incomplete-0.1.0.jar" package="incomplete-0.1.0.jar" skipped="0" tests="1" timestamp="2022-03-03T06:44:32.805506"><testcase classname="dependency-check" name="incomplete-0.1.0.jar"/></testsuite><testsuite failures="0" id="3" name="/home/runner/.m2/repository/nrepl/nrepl/0.8.3/nrepl-0.8.3.jar" package="nrepl-0.8.3.jar" skipped="0" tests="1" timestamp="2022-03-03T06:44:32.805506"><testcase classname="dependency-check" name="nrepl-0.8.3.jar"/></testsuite><testsuite failures="0" id="4" name="/home/runner/.m2/repository/potemkin/potemkin/0.4.5/potemkin-0.4.5.jar" package="potemkin-0.4.5.jar" skipped="0" tests="1" timestamp="2022-03-03T06:44:32.805506"><testcase classname="dependency-check" name="potemkin-0.4.5.jar"/></testsuite><testsuite failures="0" id="5" name="/home/runner/.m2/repository/riddley/riddley/0.1.12/riddley-0.1.12.jar" package="riddley-0.1.12.jar" skipped="0" tests="1" timestamp="2022-03-03T06:44:32.805506"><testcase classname="dependency-check" name="riddley-0.1.12.jar"/></testsuite><testsuite failures="0" id="6" name="/home/runner/.m2/repository/org/clojure/spec.alpha/0.2.194/spec.alpha-0.2.194.jar" package="spec.alpha-0.2.194.jar" skipped="0" tests="1" timestamp="2022-03-03T06:44:32.805506"><testcase classname="dependency-check" name="spec.alpha-0.2.194.jar"/></testsuite></testsuites>